[ 2017-06-12T15:09:36+08:00 ] ::1 ::1 GET /zerg/public/index.php
[ log ] localhost/zerg/public/index.php [运行时间：0.019841s][吞吐率：50.40req/s] [内存消耗：1,267.55kb] [文件加载：25]
[ info ] [ LANG ] /Users/bnu/Documents/htdocs/zerg/thinkphp/lang/zh-cn.php
[ info ] [ ROUTE ] array (
  'type' => 'module',
  'module' => 
  array (
    0 => '',
    1 => NULL,
    2 => NULL,
  ),
)
[ info ] [ HEADER ] array (
  'host' => 'localhost',
  'accept' => 'text/html,application/xhtml+xml,application/xml;q=0.9,*/*;q=0.8',
  'upgrade-insecure-requests' => '1',
  'cookie' => 'pgv_si=s6508829696; pgv_pvi=3740642304',
  'user-agent' => 'Mozilla/5.0 (Macintosh; Intel Mac OS X 10_12_4) AppleWebKit/603.1.30 (KHTML, like Gecko) Version/10.1 Safari/603.1.30',
  'accept-language' => 'zh-cn',
  'accept-encoding' => 'gzip, deflate',
  'connection' => 'keep-alive',
)
[ info ] [ PARAM ] array (
)
[ info ] [ RUN ] app\index\controller\Index->index[ /Users/bnu/Documents/htdocs/zerg/application/index/controller/Index.php ]
[ info ] [ LOG ] INIT File

---------------------------------------------------------------
[ 2017-06-12T15:09:37+08:00 ] ::1 ::1 GET /zerg/public/index.php
[ log ] localhost/zerg/public/index.php [运行时间：0.009758s][吞吐率：102.48req/s] [内存消耗：1,267.55kb] [文件加载：25]
[ info ] [ LANG ] /Users/bnu/Documents/htdocs/zerg/thinkphp/lang/zh-cn.php
[ info ] [ ROUTE ] array (
  'type' => 'module',
  'module' => 
  array (
    0 => '',
    1 => NULL,
    2 => NULL,
  ),
)
[ info ] [ HEADER ] array (
  'host' => 'localhost',
  'accept' => 'text/html,application/xhtml+xml,application/xml;q=0.9,*/*;q=0.8',
  'upgrade-insecure-requests' => '1',
  'cookie' => 'pgv_si=s6508829696; pgv_pvi=3740642304',
  'user-agent' => 'Mozilla/5.0 (Macintosh; Intel Mac OS X 10_12_4) AppleWebKit/603.1.30 (KHTML, like Gecko) Version/10.1 Safari/603.1.30',
  'accept-language' => 'zh-cn',
  'accept-encoding' => 'gzip, deflate',
  'connection' => 'keep-alive',
)
[ info ] [ PARAM ] array (
)
[ info ] [ RUN ] app\index\controller\Index->index[ /Users/bnu/Documents/htdocs/zerg/application/index/controller/Index.php ]
[ info ] [ LOG ] INIT File

---------------------------------------------------------------
[ 2017-06-12T15:12:49+08:00 ] ::1 ::1 GET /zerg/public/index.php
[ log ] localhost/zerg/public/index.php [运行时间：0.012003s][吞吐率：83.31req/s] [内存消耗：1,267.54kb] [文件加载：25]
[ info ] [ LANG ] /Users/bnu/Documents/htdocs/zerg/thinkphp/lang/zh-cn.php
[ info ] [ ROUTE ] array (
  'type' => 'module',
  'module' => 
  array (
    0 => '',
    1 => NULL,
    2 => NULL,
  ),
)
[ info ] [ HEADER ] array (
  'host' => 'localhost',
  'accept' => 'text/html,application/xhtml+xml,application/xml;q=0.9,*/*;q=0.8',
  'upgrade-insecure-requests' => '1',
  'cookie' => 'pgv_si=s6508829696; pgv_pvi=3740642304',
  'user-agent' => 'Mozilla/5.0 (Macintosh; Intel Mac OS X 10_12_4) AppleWebKit/603.1.30 (KHTML, like Gecko) Version/10.1 Safari/603.1.30',
  'accept-language' => 'zh-cn',
  'accept-encoding' => 'gzip, deflate',
  'connection' => 'keep-alive',
)
[ info ] [ PARAM ] array (
)
[ info ] [ RUN ] app\index\controller\Index->index[ /Users/bnu/Documents/htdocs/zerg/application/index/controller/Index.php ]
[ info ] [ LOG ] INIT File

---------------------------------------------------------------
[ 2017-06-12T16:40:13+08:00 ] ::1 ::1 GET /zerg/public/index.php
[ log ] localhost/zerg/public/index.php [运行时间：0.019877s][吞吐率：50.31req/s] [内存消耗：1,267.54kb] [文件加载：25]
[ info ] [ LANG ] /Users/bnu/Documents/htdocs/zerg/thinkphp/lang/zh-cn.php
[ info ] [ ROUTE ] array (
  'type' => 'module',
  'module' => 
  array (
    0 => '',
    1 => NULL,
    2 => NULL,
  ),
)
[ info ] [ HEADER ] array (
  'host' => 'localhost',
  'accept' => 'text/html,application/xhtml+xml,application/xml;q=0.9,*/*;q=0.8',
  'upgrade-insecure-requests' => '1',
  'cookie' => 'pgv_si=s6508829696; pgv_pvi=3740642304',
  'user-agent' => 'Mozilla/5.0 (Macintosh; Intel Mac OS X 10_12_4) AppleWebKit/603.1.30 (KHTML, like Gecko) Version/10.1 Safari/603.1.30',
  'accept-language' => 'zh-cn',
  'accept-encoding' => 'gzip, deflate',
  'connection' => 'keep-alive',
)
[ info ] [ PARAM ] array (
)
[ info ] [ RUN ] app\index\controller\Index->index[ /Users/bnu/Documents/htdocs/zerg/application/index/controller/Index.php ]
[ info ] [ LOG ] INIT File

---------------------------------------------------------------
[ 2017-06-12T17:19:19+08:00 ] ::1 ::1 GET /zerg/public/phpinfo.php
[ log ] localhost/zerg/public/phpinfo.php [运行时间：0.028584s][吞吐率：34.98req/s] [内存消耗：1,316.99kb] [文件加载：27]
[ info ] [ LANG ] /Users/bnu/Documents/htdocs/zerg/thinkphp/lang/zh-cn.php
[ info ] [ ROUTE ] array (
  'type' => 'module',
  'module' => 
  array (
    0 => 'phpinfo.php',
    1 => NULL,
    2 => NULL,
  ),
)
[ info ] [ HEADER ] array (
  'host' => 'localhost',
  'accept' => 'text/html,application/xhtml+xml,application/xml;q=0.9,*/*;q=0.8',
  'upgrade-insecure-requests' => '1',
  'cookie' => 'pgv_si=s6508829696; pgv_pvi=3740642304',
  'user-agent' => 'Mozilla/5.0 (Macintosh; Intel Mac OS X 10_12_4) AppleWebKit/603.1.30 (KHTML, like Gecko) Version/10.1 Safari/603.1.30',
  'accept-language' => 'zh-cn',
  'accept-encoding' => 'gzip, deflate',
  'connection' => 'keep-alive',
)
[ info ] [ PARAM ] array (
)
[ info ] [ LOG ] INIT File

---------------------------------------------------------------
[ 2017-06-12T19:54:44+08:00 ] ::1 ::1 GET /zerg/public/index.php
[ log ] localhost/zerg/public/index.php [运行时间：0.024660s][吞吐率：40.55req/s] [内存消耗：1,267.62kb] [文件加载：25]
[ info ] [ LANG ] /Users/bnu/Documents/htdocs/zerg/thinkphp/lang/zh-cn.php
[ info ] [ ROUTE ] array (
  'type' => 'module',
  'module' => 
  array (
    0 => '',
    1 => NULL,
    2 => NULL,
  ),
)
[ info ] [ HEADER ] array (
  'host' => 'localhost',
  'accept' => 'text/html,application/xhtml+xml,application/xml;q=0.9,*/*;q=0.8',
  'upgrade-insecure-requests' => '1',
  'cookie' => 'pgv_si=s6508829696; pgv_pvi=3740642304',
  'user-agent' => 'Mozilla/5.0 (Macintosh; Intel Mac OS X 10_12_4) AppleWebKit/603.1.30 (KHTML, like Gecko) Version/10.1 Safari/603.1.30',
  'accept-language' => 'zh-cn',
  'accept-encoding' => 'gzip, deflate',
  'connection' => 'keep-alive',
)
[ info ] [ PARAM ] array (
)
[ info ] [ RUN ] app\index\controller\Index->index[ /Users/bnu/Documents/htdocs/zerg/application/index/controller/Index.php ]
[ info ] [ LOG ] INIT File

---------------------------------------------------------------
[ 2017-06-12T20:10:10+08:00 ] ::1 ::1 GET /zerg/public/index.php
[ log ] localhost/zerg/public/index.php [运行时间：0.022013s][吞吐率：45.43req/s] [内存消耗：1,267.62kb] [文件加载：25]
[ info ] [ LANG ] /Users/bnu/Documents/htdocs/zerg/thinkphp/lang/zh-cn.php
[ info ] [ ROUTE ] array (
  'type' => 'module',
  'module' => 
  array (
    0 => '',
    1 => NULL,
    2 => NULL,
  ),
)
[ info ] [ HEADER ] array (
  'host' => 'localhost',
  'accept' => 'text/html,application/xhtml+xml,application/xml;q=0.9,*/*;q=0.8',
  'upgrade-insecure-requests' => '1',
  'cookie' => 'pgv_si=s6508829696; pgv_pvi=3740642304',
  'user-agent' => 'Mozilla/5.0 (Macintosh; Intel Mac OS X 10_12_4) AppleWebKit/603.1.30 (KHTML, like Gecko) Version/10.1 Safari/603.1.30',
  'accept-language' => 'zh-cn',
  'accept-encoding' => 'gzip, deflate',
  'connection' => 'keep-alive',
)
[ info ] [ PARAM ] array (
)
[ info ] [ RUN ] app\index\controller\Index->index[ /Users/bnu/Documents/htdocs/zerg/application/index/controller/Index.php ]
[ info ] [ LOG ] INIT File

---------------------------------------------------------------
[ 2017-06-12T20:10:11+08:00 ] ::1 ::1 GET /zerg/public/index.php
[ log ] localhost/zerg/public/index.php [运行时间：0.008531s][吞吐率：117.22req/s] [内存消耗：1,267.55kb] [文件加载：25]
[ info ] [ LANG ] /Users/bnu/Documents/htdocs/zerg/thinkphp/lang/zh-cn.php
[ info ] [ ROUTE ] array (
  'type' => 'module',
  'module' => 
  array (
    0 => '',
    1 => NULL,
    2 => NULL,
  ),
)
[ info ] [ HEADER ] array (
  'host' => 'localhost',
  'accept' => 'text/html,application/xhtml+xml,application/xml;q=0.9,*/*;q=0.8',
  'upgrade-insecure-requests' => '1',
  'cookie' => 'pgv_si=s6508829696; pgv_pvi=3740642304',
  'user-agent' => 'Mozilla/5.0 (Macintosh; Intel Mac OS X 10_12_4) AppleWebKit/603.1.30 (KHTML, like Gecko) Version/10.1 Safari/603.1.30',
  'accept-language' => 'zh-cn',
  'accept-encoding' => 'gzip, deflate',
  'connection' => 'keep-alive',
)
[ info ] [ PARAM ] array (
)
[ info ] [ RUN ] app\index\controller\Index->index[ /Users/bnu/Documents/htdocs/zerg/application/index/controller/Index.php ]
[ info ] [ LOG ] INIT File

---------------------------------------------------------------
